<?xml version="1.0" encoding="UTF-8"?>
<testng-results skipped="0" failed="0" ignored="0" total="1" passed="1">
  <reporter-output>
  </reporter-output>
  <suite name="Default suite" duration-ms="21400" started-at="2020-08-30T08:12:13Z" finished-at="2020-08-30T08:12:35Z">
    <groups>
    </groups>
    <test name="Default test" duration-ms="21400" started-at="2020-08-30T08:12:13Z" finished-at="2020-08-30T08:12:35Z">
      <class name="com.facebook.login.FacebookLogin">
        <test-method status="PASS" signature="setUp()[pri:0, instance:com.facebook.login.FacebookLogin@6f7fd0e6]" name="setUp" is-config="true" duration-ms="11864" started-at="2020-08-30T08:12:13Z" finished-at="2020-08-30T08:12:25Z">
          <reporter-output>
          </reporter-output>
        </test-method> <!-- setUp -->
        <test-method status="PASS" signature="fillForm()[pri:0, instance:com.facebook.login.FacebookLogin@6f7fd0e6]" name="fillForm" duration-ms="4796" started-at="2020-08-30T08:12:25Z" finished-at="2020-08-30T08:12:30Z">
          <reporter-output>
          </reporter-output>
        </test-method> <!-- fillForm -->
        <test-method status="PASS" signature="tearingUp()[pri:0, instance:com.facebook.login.FacebookLogin@6f7fd0e6]" name="tearingUp" is-config="true" duration-ms="4707" started-at="2020-08-30T08:12:30Z" finished-at="2020-08-30T08:12:35Z">
          <reporter-output>
          </reporter-output>
        </test-method> <!-- tearingUp -->
      </class> <!-- com.facebook.login.FacebookLogin -->
    </test> <!-- Default test -->
  </suite> <!-- Default suite -->
</testng-results>
